<?xml version="1.0" encoding="UTF-8"?>
<testsuite name="com.employee.management.EmployeeManagementApplicationTests" tests="1" skipped="0" failures="0" errors="0" timestamp="2023-04-15T07:08:15" hostname="192.168.1.18" time="0.624">
  <properties/>
  <testcase name="contextLoads()" classname="com.employee.management.EmployeeManagementApplicationTests" time="0.624"/>
  <system-out><![CDATA[12:38:13.463 [Test worker] DEBUG org.springframework.boot.test.context.SpringBootTestContextBootstrapper -- Neither @ContextConfiguration nor @ContextHierarchy found for test class [EmployeeManagementApplicationTests]: using SpringBootContextLoader
12:38:13.478 [Test worker] DEBUG org.springframework.test.context.support.AbstractContextLoader -- Could not detect default resource locations for test class [com.employee.management.EmployeeManagementApplicationTests]: no resource found for suffixes {-context.xml, Context.groovy}.
12:38:13.479 [Test worker] INFO org.springframework.test.context.support.AnnotationConfigContextLoaderUtils -- Could not detect default configuration classes for test class [com.employee.management.EmployeeManagementApplicationTests]: EmployeeManagementApplicationTests does not declare any static, non-private, non-final, nested classes annotated with @Configuration.
12:38:13.554 [Test worker] DEBUG org.springframework.boot.test.context.SpringBootTestContextBootstrapper -- Using ContextCustomizers for test class [EmployeeManagementApplicationTests]: [DisableObservabilityContextCustomizer, PropertyMappingContextCustomizer, Customizer, ExcludeFilterContextCustomizer, DuplicateJsonObjectContextCustomizer, MockitoContextCustomizer, TestRestTemplateContextCustomizer]
12:38:13.791 [Test worker] DEBUG org.springframework.context.annotation.ClassPathScanningCandidateComponentProvider -- Identified candidate component class: file [/Users/ravindrameena/Desktop/Spring-Boot-employee-management/build/classes/java/main/com/employee/management/EmployeeManagementApplication.class]
12:38:13.800 [Test worker] INFO org.springframework.boot.test.context.SpringBootTestContextBootstrapper -- Found @SpringBootConfiguration com.employee.management.EmployeeManagementApplication for test class com.employee.management.EmployeeManagementApplicationTests
12:38:14.004 [Test worker] DEBUG org.springframework.test.context.util.TestContextSpringFactoriesUtils -- Skipping candidate TestExecutionListener [org.springframework.test.context.web.ServletTestExecutionListener] due to a missing dependency. Specify custom TestExecutionListener classes or make the default TestExecutionListener classes and their required dependencies available. Offending class: [jakarta/servlet/ServletContext]
12:38:14.063 [Test worker] DEBUG org.springframework.test.context.util.TestContextSpringFactoriesUtils -- Skipping candidate TestExecutionListener [org.springframework.test.context.transaction.TransactionalTestExecutionListener] due to a missing dependency. Specify custom TestExecutionListener classes or make the default TestExecutionListener classes and their required dependencies available. Offending class: [org/springframework/transaction/interceptor/TransactionAttributeSource]
12:38:14.067 [Test worker] DEBUG org.springframework.test.context.util.TestContextSpringFactoriesUtils -- Skipping candidate TestExecutionListener [org.springframework.test.context.jdbc.SqlScriptsTestExecutionListener] due to a missing dependency. Specify custom TestExecutionListener classes or make the default TestExecutionListener classes and their required dependencies available. Offending class: [org/springframework/transaction/interceptor/TransactionAttribute]
12:38:14.082 [Test worker] DEBUG org.springframework.boot.test.context.SpringBootTestContextBootstrapper -- Using TestExecutionListeners for test class [EmployeeManagementApplicationTests]: [DirtiesContextBeforeModesTestExecutionListener, ApplicationEventsTestExecutionListener, MockitoTestExecutionListener, DependencyInjectionTestExecutionListener, DirtiesContextTestExecutionListener, EventPublishingTestExecutionListener, RestDocsTestExecutionListener, MockRestServiceServerResetTestExecutionListener, MockMvcPrintOnlyOnFailureTestExecutionListener, WebDriverTestExecutionListener, MockWebServiceServerTestExecutionListener, ResetMocksTestExecutionListener]
12:38:14.089 [Test worker] DEBUG org.springframework.test.context.support.AbstractDirtiesContextTestExecutionListener -- Before test class: class [EmployeeManagementApplicationTests], class annotated with @DirtiesContext [false] with mode [null]
12:38:14.129 [Test worker] DEBUG org.springframework.test.context.support.DependencyInjectionTestExecutionListener -- Performing dependency injection for test class com.employee.management.EmployeeManagementApplicationTests

  .   ____          _            __ _ _
 /\\ / ___'_ __ _ _(_)_ __  __ _ \ \ \ \
( ( )\___ | '_ | '_| | '_ \/ _` | \ \ \ \
 \\/  ___)| |_)| | | | | || (_| |  ) ) ) )
  '  |____| .__|_| |_|_| |_\__, | / / / /
 =========|_|==============|___/=/_/_/_/
 :: Spring Boot ::                (v3.0.5)

2023-04-15T12:38:14.847+05:30  INFO 5766 --- [    Test worker] c.e.m.EmployeeManagementApplicationTests : Starting EmployeeManagementApplicationTests using Java 17.0.6 with PID 5766 (started by ravindrameena in /Users/ravindrameena/Desktop/Spring-Boot-employee-management)
2023-04-15T12:38:14.851+05:30  INFO 5766 --- [    Test worker] c.e.m.EmployeeManagementApplicationTests : No active profile set, falling back to 1 default profile: "default"
2023-04-15T12:38:15.727+05:30  INFO 5766 --- [    Test worker] c.e.m.EmployeeManagementApplicationTests : Started EmployeeManagementApplicationTests in 1.523 seconds (process running for 4.683)
]]></system-out>
  <system-err><![CDATA[]]></system-err>
</testsuite>
